I1201 09:35:27.012131 46024 datasets.py:22] Preparing dataset idrid...
Found 588 files belonging to 2 classes.
no of batches is 29
Found 103 files belonging to 2 classes.
WARNING:tensorflow:Using a while_loop for converting RngReadAndSkip cause there is no registered converter for this op.
W1201 09:35:27.435763 46024 pfor.py:1082] Using a while_loop for converting RngReadAndSkip cause there is no registered converter for this op.
WARNING:tensorflow:Using a while_loop for converting Bitcast cause there is no registered converter for this op.
W1201 09:35:27.444922 46024 pfor.py:1082] Using a while_loop for converting Bitcast cause there is no registered converter for this op.
WARNING:tensorflow:Using a while_loop for converting Bitcast cause there is no registered converter for this op.
W1201 09:35:27.453321 46024 pfor.py:1082] Using a while_loop for converting Bitcast cause there is no registered converter for this op.
WARNING:tensorflow:Using a while_loop for converting StatelessRandomUniformV2 cause there is no registered converter for this op.
W1201 09:35:27.460414 46024 pfor.py:1082] Using a while_loop for converting StatelessRandomUniformV2 cause there is no registered converter for this op.
WARNING:tensorflow:Using a while_loop for converting ImageProjectiveTransformV3 cause there is no registered converter for this op.
W1201 09:35:27.542376 46024 pfor.py:1082] Using a while_loop for converting ImageProjectiveTransformV3 cause there is no registered converter for this op.
WARNING:tensorflow:Using a while_loop for converting RngReadAndSkip cause there is no registered converter for this op.
W1201 09:35:27.576831 46024 pfor.py:1082] Using a while_loop for converting RngReadAndSkip cause there is no registered converter for this op.
WARNING:tensorflow:Using a while_loop for converting Bitcast cause there is no registered converter for this op.
W1201 09:35:27.584657 46024 pfor.py:1082] Using a while_loop for converting Bitcast cause there is no registered converter for this op.
WARNING:tensorflow:Using a while_loop for converting Bitcast cause there is no registered converter for this op.
W1201 09:35:27.593594 46024 pfor.py:1082] Using a while_loop for converting Bitcast cause there is no registered converter for this op.
WARNING:tensorflow:Using a while_loop for converting StatelessRandomUniformV2 cause there is no registered converter for this op.
W1201 09:35:27.600202 46024 pfor.py:1082] Using a while_loop for converting StatelessRandomUniformV2 cause there is no registered converter for this op.
WARNING:tensorflow:Using a while_loop for converting RngReadAndSkip cause there is no registered converter for this op.
W1201 09:35:27.617633 46024 pfor.py:1082] Using a while_loop for converting RngReadAndSkip cause there is no registered converter for this op.
WARNING:tensorflow:Using a while_loop for converting Bitcast cause there is no registered converter for this op.
W1201 09:35:27.626598 46024 pfor.py:1082] Using a while_loop for converting Bitcast cause there is no registered converter for this op.
WARNING:tensorflow:Using a while_loop for converting Bitcast cause there is no registered converter for this op.
W1201 09:35:27.635107 46024 pfor.py:1082] Using a while_loop for converting Bitcast cause there is no registered converter for this op.
WARNING:tensorflow:Using a while_loop for converting StatelessRandomUniformV2 cause there is no registered converter for this op.
W1201 09:35:27.642821 46024 pfor.py:1082] Using a while_loop for converting StatelessRandomUniformV2 cause there is no registered converter for this op.
WARNING:tensorflow:Using a while_loop for converting ImageProjectiveTransformV3 cause there is no registered converter for this op.
W1201 09:35:27.697292 46024 pfor.py:1082] Using a while_loop for converting ImageProjectiveTransformV3 cause there is no registered converter for this op.
WARNING:tensorflow:Using a while_loop for converting RngReadAndSkip cause there is no registered converter for this op.
W1201 09:35:27.718312 46024 pfor.py:1082] Using a while_loop for converting RngReadAndSkip cause there is no registered converter for this op.
WARNING:tensorflow:Using a while_loop for converting Bitcast cause there is no registered converter for this op.
W1201 09:35:27.725288 46024 pfor.py:1082] Using a while_loop for converting Bitcast cause there is no registered converter for this op.
WARNING:tensorflow:Using a while_loop for converting Bitcast cause there is no registered converter for this op.
W1201 09:35:27.734479 46024 pfor.py:1082] Using a while_loop for converting Bitcast cause there is no registered converter for this op.
WARNING:tensorflow:Using a while_loop for converting StatelessRandomUniformV2 cause there is no registered converter for this op.
W1201 09:35:27.741794 46024 pfor.py:1082] Using a while_loop for converting StatelessRandomUniformV2 cause there is no registered converter for this op.
WARNING:tensorflow:Using a while_loop for converting RngReadAndSkip cause there is no registered converter for this op.
W1201 09:35:27.791599 46024 pfor.py:1082] Using a while_loop for converting RngReadAndSkip cause there is no registered converter for this op.
WARNING:tensorflow:Using a while_loop for converting Bitcast cause there is no registered converter for this op.
W1201 09:35:27.800208 46024 pfor.py:1082] Using a while_loop for converting Bitcast cause there is no registered converter for this op.
WARNING:tensorflow:Using a while_loop for converting Bitcast cause there is no registered converter for this op.
W1201 09:35:27.808826 46024 pfor.py:1082] Using a while_loop for converting Bitcast cause there is no registered converter for this op.
WARNING:tensorflow:Using a while_loop for converting StatelessRandomUniformFullIntV2 cause there is no registered converter for this op.
W1201 09:35:27.816295 46024 pfor.py:1082] Using a while_loop for converting StatelessRandomUniformFullIntV2 cause there is no registered converter for this op.
WARNING:tensorflow:Using a while_loop for converting StatelessRandomGetKeyCounter cause there is no registered converter for this op.
W1201 09:35:27.828664 46024 pfor.py:1082] Using a while_loop for converting StatelessRandomGetKeyCounter cause there is no registered converter for this op.
WARNING:tensorflow:Using a while_loop for converting StatelessRandomUniformV2 cause there is no registered converter for this op.
W1201 09:35:27.837047 46024 pfor.py:1082] Using a while_loop for converting StatelessRandomUniformV2 cause there is no registered converter for this op.
WARNING:tensorflow:Using a while_loop for converting AdjustContrastv2 cause Input "contrast_factor" of op 'AdjustContrastv2' expected to be loop invariant.
W1201 09:35:27.859405 46024 pfor.py:1082] Using a while_loop for converting AdjustContrastv2 cause Input "contrast_factor" of op 'AdjustContrastv2' expected to be loop invariant.
WARNING:tensorflow:Using a while_loop for converting RngReadAndSkip cause there is no registered converter for this op.
W1201 09:35:27.908244 46024 pfor.py:1082] Using a while_loop for converting RngReadAndSkip cause there is no registered converter for this op.
WARNING:tensorflow:Using a while_loop for converting Bitcast cause there is no registered converter for this op.
W1201 09:35:27.918910 46024 pfor.py:1082] Using a while_loop for converting Bitcast cause there is no registered converter for this op.
WARNING:tensorflow:Using a while_loop for converting Bitcast cause there is no registered converter for this op.
W1201 09:35:27.928962 46024 pfor.py:1082] Using a while_loop for converting Bitcast cause there is no registered converter for this op.
WARNING:tensorflow:Using a while_loop for converting StatelessRandomUniformV2 cause there is no registered converter for this op.
W1201 09:35:27.938555 46024 pfor.py:1082] Using a while_loop for converting StatelessRandomUniformV2 cause there is no registered converter for this op.
WARNING:tensorflow:Using a while_loop for converting ImageProjectiveTransformV3 cause there is no registered converter for this op.
W1201 09:35:28.136348 46024 pfor.py:1082] Using a while_loop for converting ImageProjectiveTransformV3 cause there is no registered converter for this op.
WARNING:tensorflow:Using a while_loop for converting RngReadAndSkip cause there is no registered converter for this op.
W1201 09:35:28.169250 46024 pfor.py:1082] Using a while_loop for converting RngReadAndSkip cause there is no registered converter for this op.
WARNING:tensorflow:Using a while_loop for converting Bitcast cause there is no registered converter for this op.
W1201 09:35:28.178875 46024 pfor.py:1082] Using a while_loop for converting Bitcast cause there is no registered converter for this op.
WARNING:tensorflow:Using a while_loop for converting Bitcast cause there is no registered converter for this op.
W1201 09:35:28.189388 46024 pfor.py:1082] Using a while_loop for converting Bitcast cause there is no registered converter for this op.
WARNING:tensorflow:Using a while_loop for converting StatelessRandomUniformV2 cause there is no registered converter for this op.
W1201 09:35:28.197134 46024 pfor.py:1082] Using a while_loop for converting StatelessRandomUniformV2 cause there is no registered converter for this op.
WARNING:tensorflow:Using a while_loop for converting RngReadAndSkip cause there is no registered converter for this op.
W1201 09:35:28.214844 46024 pfor.py:1082] Using a while_loop for converting RngReadAndSkip cause there is no registered converter for this op.
WARNING:tensorflow:Using a while_loop for converting Bitcast cause there is no registered converter for this op.
W1201 09:35:28.224550 46024 pfor.py:1082] Using a while_loop for converting Bitcast cause there is no registered converter for this op.
WARNING:tensorflow:Using a while_loop for converting Bitcast cause there is no registered converter for this op.
W1201 09:35:28.233567 46024 pfor.py:1082] Using a while_loop for converting Bitcast cause there is no registered converter for this op.
WARNING:tensorflow:Using a while_loop for converting StatelessRandomUniformV2 cause there is no registered converter for this op.
W1201 09:35:28.242148 46024 pfor.py:1082] Using a while_loop for converting StatelessRandomUniformV2 cause there is no registered converter for this op.
WARNING:tensorflow:Using a while_loop for converting ImageProjectiveTransformV3 cause there is no registered converter for this op.
W1201 09:35:28.296210 46024 pfor.py:1082] Using a while_loop for converting ImageProjectiveTransformV3 cause there is no registered converter for this op.
WARNING:tensorflow:Using a while_loop for converting RngReadAndSkip cause there is no registered converter for this op.
W1201 09:35:28.316067 46024 pfor.py:1082] Using a while_loop for converting RngReadAndSkip cause there is no registered converter for this op.
WARNING:tensorflow:Using a while_loop for converting Bitcast cause there is no registered converter for this op.
W1201 09:35:28.326710 46024 pfor.py:1082] Using a while_loop for converting Bitcast cause there is no registered converter for this op.
WARNING:tensorflow:Using a while_loop for converting Bitcast cause there is no registered converter for this op.
W1201 09:35:28.337304 46024 pfor.py:1082] Using a while_loop for converting Bitcast cause there is no registered converter for this op.
WARNING:tensorflow:Using a while_loop for converting StatelessRandomUniformV2 cause there is no registered converter for this op.
W1201 09:35:28.345086 46024 pfor.py:1082] Using a while_loop for converting StatelessRandomUniformV2 cause there is no registered converter for this op.
WARNING:tensorflow:Using a while_loop for converting RngReadAndSkip cause there is no registered converter for this op.
W1201 09:35:28.399894 46024 pfor.py:1082] Using a while_loop for converting RngReadAndSkip cause there is no registered converter for this op.
WARNING:tensorflow:Using a while_loop for converting Bitcast cause there is no registered converter for this op.
W1201 09:35:28.408872 46024 pfor.py:1082] Using a while_loop for converting Bitcast cause there is no registered converter for this op.
WARNING:tensorflow:Using a while_loop for converting Bitcast cause there is no registered converter for this op.
W1201 09:35:28.420079 46024 pfor.py:1082] Using a while_loop for converting Bitcast cause there is no registered converter for this op.
WARNING:tensorflow:Using a while_loop for converting StatelessRandomUniformFullIntV2 cause there is no registered converter for this op.
W1201 09:35:28.428593 46024 pfor.py:1082] Using a while_loop for converting StatelessRandomUniformFullIntV2 cause there is no registered converter for this op.
WARNING:tensorflow:Using a while_loop for converting StatelessRandomGetKeyCounter cause there is no registered converter for this op.
W1201 09:35:28.445333 46024 pfor.py:1082] Using a while_loop for converting StatelessRandomGetKeyCounter cause there is no registered converter for this op.
WARNING:tensorflow:Using a while_loop for converting StatelessRandomUniformV2 cause there is no registered converter for this op.
W1201 09:35:28.455174 46024 pfor.py:1082] Using a while_loop for converting StatelessRandomUniformV2 cause there is no registered converter for this op.
WARNING:tensorflow:Using a while_loop for converting AdjustContrastv2 cause Input "contrast_factor" of op 'AdjustContrastv2' expected to be loop invariant.
W1201 09:35:28.479633 46024 pfor.py:1082] Using a while_loop for converting AdjustContrastv2 cause Input "contrast_factor" of op 'AdjustContrastv2' expected to be loop invariant.
WARNING:tensorflow:`input_shape` is undefined or non-square, or `rows` is not in [128, 160, 192, 224]. Weights for input shape (224, 224) will be loaded as the default.
W1201 09:35:29.079836 46024 mobilenet.py:241] `input_shape` is undefined or non-square, or `rows` is not in [128, 160, 192, 224]. Weights for input shape (224, 224) will be loaded as the default.
(None, 256, 256, 3)
(None, 8, 8, 512)
Restoring from checkpoint_1: F:\dl lab\dl-lab-24w-team04-feature\experiments\run_2024-12-01T09-25-26-597840_mobilenet_like\ckpts\ckpt-2
Traceback (most recent call last):
  File "E:\anaconda\lib\site-packages\tensorflow\python\training\saving\saveable_object_util.py", line 132, in restore
    assigned_variable = resource_variable_ops.shape_safe_assign_variable_handle(
  File "E:\anaconda\lib\site-packages\tensorflow\python\ops\resource_variable_ops.py", line 308, in shape_safe_assign_variable_handle
    shape.assert_is_compatible_with(value_tensor.shape)
  File "E:\anaconda\lib\site-packages\tensorflow\python\framework\tensor_shape.py", line 1307, in assert_is_compatible_with
    raise ValueError("Shapes %s and %s are incompatible" % (self, other))
ValueError: Shapes (1, 1, 1024, 81) and (1, 1, 1024, 119) are incompatible

The above exception was the direct cause of the following exception:

Traceback (most recent call last):
  File "F:\dl lab\dl-lab-24w-team04-feature\Jiang241023\main.py", line 148, in <module>
    app.run(main)
  File "E:\anaconda\lib\site-packages\absl\app.py", line 308, in run
    _run_main(main, args)
  File "E:\anaconda\lib\site-packages\absl\app.py", line 254, in _run_main
    sys.exit(main(argv))
  File "F:\dl lab\dl-lab-24w-team04-feature\Jiang241023\main.py", line 121, in main
    checkpoint_1.restore(latest_checkpoint_1)
  File "E:\anaconda\lib\site-packages\tensorflow\python\checkpoint\checkpoint.py", line 2563, in restore
    status = self.read(save_path, options=options)
  File "E:\anaconda\lib\site-packages\tensorflow\python\checkpoint\checkpoint.py", line 2441, in read
    result = self._saver.restore(save_path=save_path, options=options)
  File "E:\anaconda\lib\site-packages\tensorflow\python\checkpoint\checkpoint.py", line 1495, in restore
    checkpoint=checkpoint, proto_id=0).restore(self._graph_view.root)
  File "E:\anaconda\lib\site-packages\tensorflow\python\checkpoint\restore.py", line 55, in restore
    restore_ops = self._restore_descendants()
  File "E:\anaconda\lib\site-packages\tensorflow\python\checkpoint\restore.py", line 458, in _restore_descendants
    current_position.checkpoint.restore_saveables(tensor_saveables,
  File "E:\anaconda\lib\site-packages\tensorflow\python\checkpoint\checkpoint.py", line 354, in restore_saveables
    registered_savers).restore(self.save_path_tensor, self.options)
  File "E:\anaconda\lib\site-packages\tensorflow\python\checkpoint\functional_saver.py", line 403, in restore
    restore_ops = restore_fn()
  File "E:\anaconda\lib\site-packages\tensorflow\python\checkpoint\functional_saver.py", line 385, in restore_fn
    restore_ops.update(saver.restore(file_prefix, options))
  File "E:\anaconda\lib\site-packages\tensorflow\python\checkpoint\functional_saver.py", line 111, in restore
    restore_ops[saveable.name] = saveable.restore(
  File "E:\anaconda\lib\site-packages\tensorflow\python\training\saving\saveable_object_util.py", line 135, in restore
    raise ValueError(
ValueError: Received incompatible tensor with shape (1, 1, 1024, 119) when attempting to restore variable with shape (1, 1, 1024, 81) and name model/layer_with_weights-3/kernel/.ATTRIBUTES/VARIABLE_VALUE.
